<?xml version="1.0" encoding="UTF-8"?>
<!-- Generated by org.testng.reporters.JUnitReportReporter -->
<testsuite hostname="ACC" name="com.RupeekAssignment.PoojaNehare.Authenticate" tests="2" failures="0" timestamp="27 Apr 2020 11:33:09 GMT" time="6.584" errors="0">
  <testcase name="getallUsersTest1" time="6.011" classname="com.RupeekAssignment.PoojaNehare.Authenticate"/>
  <testcase name="getOneUserTest" time="0.573" classname="com.RupeekAssignment.PoojaNehare.Authenticate"/>
</testsuite> <!-- com.RupeekAssignment.PoojaNehare.Authenticate -->
